
Gurobi 8.1.1 (win64, Python) logging started 09/23/19 15:45:18

Academic license - for non-commercial use only
Optimize a model with 54 rows, 646 columns and 1254 nonzeros
Variable types: 0 continuous, 646 integer (646 binary)
Coefficient statistics:
  Matrix range     [1e+00, 4e+06]
  Objective range  [2e+05, 7e+05]
  Bounds range     [1e+00, 1e+00]
  RHS range        [1e+00, 1e+00]
Found heuristic solution: objective 1.528509e+07
Presolve removed 1 rows and 53 columns
Presolve time: 0.00s
Presolved: 53 rows, 593 columns, 1152 nonzeros
Variable types: 0 continuous, 593 integer (593 binary)

Root relaxation: objective 9.184735e+06, 219 iterations, 0.00 seconds

    Nodes    |    Current Node    |     Objective Bounds      |     Work
 Expl Unexpl |  Obj  Depth IntInf | Incumbent    BestBd   Gap | It/Node Time

     0     0 9184735.01    0   16 1.5285e+07 9184735.01  39.9%     -    0s
H    0     0                    1.094067e+07 9184735.01  16.0%     -    0s
H    0     0                    1.092179e+07 9184735.01  15.9%     -    0s
     0     0 9197479.00    0   21 1.0922e+07 9197479.00  15.8%     -    0s
H    0     0                    1.021802e+07 9197479.00  10.0%     -    0s
     0     0 9198766.89    0   24 1.0218e+07 9198766.89  10.0%     -    0s
     0     0 9202385.23    0   26 1.0218e+07 9202385.23  9.94%     -    0s
     0     0 9209903.68    0   18 1.0218e+07 9209903.68  9.87%     -    0s
     0     0 9210749.39    0   28 1.0218e+07 9210749.39  9.86%     -    0s
     0     0 9211017.33    0   29 1.0218e+07 9211017.33  9.86%     -    0s
     0     0 9212456.47    0   36 1.0218e+07 9212456.47  9.84%     -    0s
H    0     0                    1.019591e+07 9212456.47  9.65%     -    0s
H    0     0                    1.019480e+07 9212456.47  9.64%     -    0s
     0     0 9212585.90    0   36 1.0195e+07 9212585.90  9.63%     -    0s
     0     0 9215816.93    0   25 1.0195e+07 9215816.93  9.60%     -    0s
     0     0 9217715.01    0   29 1.0195e+07 9217715.01  9.58%     -    0s
     0     0 9218326.32    0   29 1.0195e+07 9218326.32  9.58%     -    0s
     0     0 9218326.32    0   29 1.0195e+07 9218326.32  9.58%     -    0s
     0     2 9218326.32    0   29 1.0195e+07 9218326.32  9.58%     -    0s
H   31    38                    1.019429e+07 9221989.68  9.54%  10.8    0s
H   38    39                    1.019265e+07 9222266.50  9.52%   9.8    0s
H  828   726                    1.018485e+07 9222607.34  9.45%   6.1    0s
H 1015   882                    1.018485e+07 9222607.34  9.45%   6.2    0s
H 1473  1169                    1.018430e+07 9227423.16  9.40%   5.8    0s
H 1509  1133                    1.018123e+07 9570193.48  6.00%   5.6    0s
H 1522  1083                    1.018123e+07 9607071.57  5.64%   5.6    0s
H 1534  1035                    1.018123e+07 9670368.19  5.02%   5.5    0s
H 1535   983                    1.017485e+07 9670635.43  4.96%   5.5    0s
H 1556   947                    1.016772e+07 9670664.33  4.89%   6.2    0s
H 1559   902                    1.016741e+07 9679003.28  4.80%   6.2    0s
H 1560   857                    1.016679e+07 9829836.06  3.31%   6.2    0s
H 1560   814                    1.016599e+07 9829836.06  3.31%   6.2    0s
H 1564   775                    1.016584e+07 9841531.27  3.19%   6.1    0s
H 1575   743                    1.016249e+07 9845803.45  3.12%   6.1    0s
H 1626   744                    1.016249e+07 9849013.24  3.08%   7.2    0s
H 1627   708                    1.016249e+07 9849013.24  3.08%   7.2    0s
H 1665   689                    1.016249e+07 9849038.44  3.08%   7.3    0s
H 6111  3299                    1.016249e+07 9858963.87  2.99%   5.6    1s
H 6333  3484                    1.016249e+07 9859009.31  2.99%   5.6    1s
H 8065  4703                    1.016249e+07 9860107.59  2.98%   5.4    1s
H29688 18158                    1.016249e+07 9865968.07  2.92%   5.3    2s
 88143 33662 1.0051e+07   87   26 1.0162e+07 9913741.50  2.45%   6.6    5s
 264176 120040 9948047.62   69   10 1.0162e+07 9926568.57  2.32%   6.8   10s
 440393 199364 1.0158e+07   77   10 1.0162e+07 9932722.47  2.26%   6.8   15s
H492621 222404                    1.016249e+07 9934081.29  2.25%   6.8   16s
 613903 273316 1.0056e+07   80    1 1.0162e+07 9936958.69  2.22%   6.8   20s
 784500 335696 1.0155e+07   77    4 1.0162e+07 9940752.37  2.18%   6.9   25s
 945784 392597     cutoff   79      1.0162e+07 9943951.83  2.15%   7.1   30s
 1107654 446744 9946937.42   77   15 1.0162e+07 9946894.52  2.12%   7.2   35s
 1244274 485251 1.0006e+07   80   12 1.0162e+07 9949434.97  2.10%   7.4   40s
 1386297 521676 1.0020e+07   77   24 1.0162e+07 9952142.54  2.07%   7.5   45s
 1539081 559504     cutoff   93      1.0162e+07 9955010.28  2.04%   7.6   50s
 1699345 597591 1.0026e+07   71   31 1.0162e+07 9957912.01  2.01%   7.7   55s
 1855839 634436 1.0076e+07   77    3 1.0162e+07 9960593.74  1.99%   7.7   60s
 2021355 672165     cutoff   70      1.0162e+07 9963329.51  1.96%   7.7   65s
 2185892 709941     cutoff   70      1.0162e+07 9965906.14  1.93%   7.7   70s
 2345885 746036 9983681.31   73   14 1.0162e+07 9968277.49  1.91%   7.7   75s
 2512268 784083 1.0001e+07   76   24 1.0162e+07 9970697.69  1.89%   7.7   80s
 2678184 821652     cutoff   78      1.0162e+07 9972922.51  1.87%   7.7   85s
 2843666 859528 1.0025e+07   79   13 1.0162e+07 9975005.80  1.84%   7.7   90s
 3001241 895319 1.0129e+07   89   24 1.0162e+07 9976878.50  1.83%   7.7   95s
 3158089 930552 1.0074e+07   85    3 1.0162e+07 9978651.69  1.81%   7.7  100s
 3297113 949242 1.0039e+07   75    5 1.0162e+07 9980747.28  1.79%   7.8  105s
 3429985 959237     cutoff   76      1.0162e+07 9983006.67  1.77%   7.9  110s
 3564720 969604 1.0053e+07   71   11 1.0162e+07 9985239.49  1.74%   8.0  115s
 3684585 979188 1.0074e+07   79    2 1.0162e+07 9987102.52  1.73%   8.1  120s
 3813131 989202 1.0076e+07   74   13 1.0162e+07 9988994.84  1.71%   8.1  125s
 3940014 999698 1.0128e+07   85   18 1.0162e+07 9990740.04  1.69%   8.2  130s
 4053638 1009329 1.0062e+07   66   11 1.0162e+07 9992206.12  1.68%   8.3  135s
 4188932 1021560 1.0065e+07   92   17 1.0162e+07 9993828.32  1.66%   8.3  140s
 4314116 1033135     cutoff   91      1.0162e+07 9995271.61  1.65%   8.4  145s
 4448116 1045352 1.0028e+07   84    8 1.0162e+07 9996729.55  1.63%   8.4  150s
 4579216 1052339     cutoff   65      1.0162e+07 9998302.22  1.62%   8.5  155s
 4693709 1030299     cutoff   79      1.0162e+07 1.0001e+07  1.59%   8.5  160s
 4815171 1006867     cutoff   85      1.0162e+07 1.0003e+07  1.56%   8.6  165s
 4938756 982413     cutoff   76      1.0162e+07 1.0006e+07  1.54%   8.6  170s
 5047902 960293     cutoff   73      1.0162e+07 1.0008e+07  1.52%   8.6  175s
 5174381 933918     cutoff   65      1.0162e+07 1.0011e+07  1.49%   8.6  180s
 5300947 907602     cutoff   68      1.0162e+07 1.0013e+07  1.47%   8.6  185s
 5424057 880653 1.0019e+07   85   17 1.0162e+07 1.0016e+07  1.44%   8.6  190s
 5548474 852985     cutoff   75      1.0162e+07 1.0018e+07  1.42%   8.7  195s
 5675460 824325 1.0078e+07   78   17 1.0162e+07 1.0021e+07  1.39%   8.7  200s
 5800574 794890 1.0033e+07   75    8 1.0162e+07 1.0024e+07  1.37%   8.7  205s
 5925858 766280 1.0026e+07   67   24 1.0162e+07 1.0026e+07  1.34%   8.7  210s
 6052227 735590     cutoff   72      1.0162e+07 1.0029e+07  1.32%   8.7  215s
 6169599 706118     cutoff   71      1.0162e+07 1.0031e+07  1.29%   8.7  220s
 6294677 675283     cutoff   89      1.0162e+07 1.0034e+07  1.26%   8.7  225s
 6423154 641945 1.0038e+07   75   19 1.0162e+07 1.0037e+07  1.24%   8.7  230s
 6550249 610434     cutoff   80      1.0162e+07 1.0040e+07  1.21%   8.7  235s
 6678971 578804     cutoff   72      1.0162e+07 1.0043e+07  1.17%   8.7  240s
 6810679 546508 1.0138e+07   76   26 1.0162e+07 1.0046e+07  1.14%   8.7  245s
 6941323 513877     cutoff   74      1.0162e+07 1.0050e+07  1.11%   8.7  250s
 7069019 481728     cutoff   93      1.0162e+07 1.0054e+07  1.07%   8.7  255s
 7201760 447627     cutoff   66      1.0162e+07 1.0058e+07  1.03%   8.7  260s
 7333189 413276     cutoff   74      1.0162e+07 1.0062e+07  0.99%   8.6  265s
 7462776 379872 1.0067e+07   72   14 1.0162e+07 1.0067e+07  0.94%   8.6  270s
 7599650 344093     cutoff   77      1.0162e+07 1.0072e+07  0.89%   8.6  275s
 7732818 309818     cutoff   98      1.0162e+07 1.0077e+07  0.84%   8.6  280s
 7871061 274738 1.0098e+07   78   18 1.0162e+07 1.0083e+07  0.78%   8.5  285s
 8005775 241039     cutoff   76      1.0162e+07 1.0090e+07  0.72%   8.5  290s
 8149752 204092 1.0149e+07   92   21 1.0162e+07 1.0097e+07  0.64%   8.5  295s
 8298617 166545 1.0105e+07   67   13 1.0162e+07 1.0105e+07  0.56%   8.4  300s
 8449626 128208     cutoff   91      1.0162e+07 1.0115e+07  0.47%   8.4  305s
 8603793 82657     cutoff   89      1.0162e+07 1.0127e+07  0.35%   8.3  310s
 8762528  7560     cutoff   81      1.0162e+07 1.0157e+07  0.06%   8.3  315s

Cutting planes:
  Gomory: 26
  Cover: 35
  Clique: 5
  MIR: 27
  StrongCG: 18
  Flow cover: 21
  Inf proof: 21
  Zero half: 13

Explored 8769662 nodes (72402989 simplex iterations) in 315.21 seconds
Thread count was 8 (of 8 available processors)

Solution count 10: 1.01625e+07 1.01625e+07 1.01625e+07 ... 1.01658e+07

Optimal solution found (tolerance 1.00e-04)
Best objective 1.016249212161e+07, best bound 1.016158749855e+07, gap 0.0089%
